Arguments: 
  C:\Program Files\nodejs\node.exe C:\Users\lyf\AppData\Roaming\npm\node_modules\yarn\bin\yarn.js add element-plus

PATH: 
  D:\webpack-vue-cli\node_modules\.bin;C:\Windows\system32;C:\Windows;C:\Windows\System32\Wbem;C:\Windows\System32\WindowsPowerShell\v1.0\;C:\Windows\System32\OpenSSH\;C:\Program Files (x86)\NVIDIA Corporation\PhysX\Common;C:\Program Files\NVIDIA Corporation\NVIDIA NvDLISR;C:\WINDOWS\system32;C:\WINDOWS;C:\WINDOWS\System32\Wbem;C:\WINDOWS\System32\WindowsPowerShell\v1.0\;C:\WINDOWS\System32\OpenSSH\;C:\Program Files (x86)\Git\cmd;D:\微信开发者工具\微信web开发者工具\dll;C:\Program Files\nodejs\;C:\Users\lyf\AppData\Local\Microsoft\WindowsApps;C:\Users\lyf\AppData\Roaming\npm

Yarn version: 
  1.22.19

Node version: 
  16.16.0

Platform: 
  win32 x64

Trace: 
  Error: ENOENT: no such file or directory, copyfile 'C:\Users\lyf\AppData\Local\Yarn\Cache\v6\npm-get-stream-4.1.0-c1b255575f3dc21d59bfc79cd3d2b46b1c3a54b5-integrity\node_modules\get-stream\buffer-stream.js' -> 'D:\webpack-vue-cli\node_modules\bin-version\node_modules\get-stream\buffer-stream.js'

npm manifest: 
  {
    "name": "webpack-vue-cli",
    "version": "1.0.0",
    "description": "",
    "main": ".eslintrc.js",
    "scripts": {
      "start": "npm run dev",
      "dev": "cross-env NODE_ENV=development webpack serve --config ./config/webpack.config.js",
      "build": "cross-env NODE_ENV=production webpack --config ./config/webpack.config.js"
    },
    "keywords": [],
    "author": "",
    "license": "ISC",
    "devDependencies": {
      "@babel/eslint-parser": "^7.18.9",
      "@vue/cli-plugin-babel": "^5.0.8",
      "babel-loader": "^8.2.5",
      "copy-webpack-plugin": "^11.0.0",
      "cross-env": "^7.0.3",
      "css-loader": "^6.7.1",
      "css-minimizer-webpack-plugin": "^4.0.0",
      "eslint-plugin-vue": "^9.3.0",
      "eslint-webpack-plugin": "^3.2.0",
      "html-webpack-plugin": "^5.5.0",
      "image-minimizer-webpack-plugin": "^3.3.0",
      "imagemin-gifsicle": "^7.0.0",
      "imagemin-jpegtran": "^7.0.0",
      "imagemin-optipng": "^8.0.0",
      "imagemin-svgo": "^10.0.1",
      "less-loader": "^11.0.0",
      "mini-css-extract-plugin": "^2.6.1",
      "postcss-loader": "^7.0.1",
      "postcss-preset-env": "^7.7.2",
      "sass-loader": "^13.0.2",
      "stylus-loader": "^7.0.0",
      "terser-webpack-plugin": "^5.3.4",
      "vue-loader": "^17.0.0",
      "vue-style-loader": "^4.1.3",
      "webpack": "^5.74.0",
      "webpack-cli": "^4.10.0",
      "webpack-dev-server": "^4.10.0"
    },
    "dependencies": {
      "element-plus": "^2.2.13",
      "vue": "^3.2.37",
      "vue-router": "^4.1.3"
    }
  }

yarn manifest: 
  No manifest

Lockfile: 
  No lockfile
